<?xml version="1.0" encoding="UTF-8"?>
<robot generator="Robot 7.1.1 (Python 3.12.4 on win32)" generated="2024-12-27T10:30:06.818441" rpa="false" schemaversion="5">
<suite id="s1" name="Suites">
<suite id="s1-s1" name="LoginTest" source="C:\Users\user\PycharmProjects\A_01\TestCases\LoginTest.robot">
<test id="s1-s1-t1" name="Login Test" line="12">
<kw name="Open my Browser" owner="LoginKeywords">
<kw name="Open Browser" owner="SeleniumLibrary">
<msg time="2024-12-27T10:30:08.002575" level="INFO">Opening browser 'chrome' to base url 'https://demo.guru99.com/test/newtours/'.</msg>
<arg>${url}</arg>
<arg>${browser}</arg>
<doc>Opens a new browser instance to the optional ``url``.</doc>
<status status="PASS" start="2024-12-27T10:30:08.001581" elapsed="13.055403"/>
</kw>
<kw name="Maximize Browser Window" owner="SeleniumLibrary">
<doc>Maximizes current browser window.</doc>
<status status="PASS" start="2024-12-27T10:30:21.057986" elapsed="0.146367"/>
</kw>
<arg>${url}</arg>
<arg>${browser}</arg>
<status status="PASS" start="2024-12-27T10:30:07.998577" elapsed="13.206775"/>
</kw>
<kw name="Enter UserName" owner="LoginKeywords">
<kw name="Input Text" owner="SeleniumLibrary">
<msg time="2024-12-27T10:30:21.211355" level="INFO">Typing text 'tutorial' into text field 'name:userName'.</msg>
<arg>${txt_loginUserName}</arg>
<arg>${username}</arg>
<doc>Types the given ``text`` into the text field identified by ``locator``.</doc>
<status status="PASS" start="2024-12-27T10:30:21.208356" elapsed="0.906667"/>
</kw>
<arg>${user}</arg>
<status status="PASS" start="2024-12-27T10:30:21.206354" elapsed="0.908669"/>
</kw>
<kw name="Enter Password" owner="LoginKeywords">
<kw name="Input Text" owner="SeleniumLibrary">
<msg time="2024-12-27T10:30:22.119022" level="INFO">Typing text 'tutorial' into text field 'name:password'.</msg>
<arg>${txt_loginPassword}</arg>
<arg>${password}</arg>
<doc>Types the given ``text`` into the text field identified by ``locator``.</doc>
<status status="PASS" start="2024-12-27T10:30:22.118020" elapsed="0.360534"/>
</kw>
<arg>${pwd}</arg>
<status status="PASS" start="2024-12-27T10:30:22.116021" elapsed="0.362533"/>
</kw>
<kw name="Click Submit" owner="LoginKeywords">
<kw name="Click Button" owner="SeleniumLibrary">
<msg time="2024-12-27T10:30:22.481553" level="INFO">Clicking button 'xpath://input[@name='submit']'.</msg>
<arg>${btn_signIn}</arg>
<doc>Clicks the button identified by ``locator``.</doc>
<status status="PASS" start="2024-12-27T10:30:22.480555" elapsed="2.249829"/>
</kw>
<status status="PASS" start="2024-12-27T10:30:22.479559" elapsed="2.250825"/>
</kw>
<kw name="Sleep" owner="BuiltIn">
<msg time="2024-12-27T10:30:27.733665" level="INFO">Slept 3 seconds.</msg>
<arg>3</arg>
<doc>Pauses the test executed for the given time.</doc>
<status status="PASS" start="2024-12-27T10:30:24.731383" elapsed="3.002282"/>
</kw>
<kw name="Verify Successful login" owner="LoginKeywords">
<kw name="Title Should Be" owner="SeleniumLibrary">
<msg time="2024-12-27T10:30:28.207765" level="INFO">Page title is 'Login: Mercury Tours'.</msg>
<arg>Login: Mercury Tours</arg>
<doc>Verifies that the current page title equals ``title``.</doc>
<status status="PASS" start="2024-12-27T10:30:27.736664" elapsed="0.471101"/>
</kw>
<status status="PASS" start="2024-12-27T10:30:27.734667" elapsed="0.474096"/>
</kw>
<kw name="Close my browser" owner="LoginKeywords">
<kw name="Close All Browsers" owner="SeleniumLibrary">
<doc>Closes all open browsers and resets the browser cache.</doc>
<status status="PASS" start="2024-12-27T10:30:28.211764" elapsed="8.068095"/>
</kw>
<status status="PASS" start="2024-12-27T10:30:28.209765" elapsed="8.070094"/>
</kw>
<status status="PASS" start="2024-12-27T10:30:07.995574" elapsed="28.285286"/>
</test>
<status status="PASS" start="2024-12-27T10:30:07.003448" elapsed="29.279414"/>
</suite>
<status status="PASS" start="2024-12-27T10:30:06.913441" elapsed="29.371418"/>
</suite>
<statistics>
<total>
<stat pass="1" fail="0" skip="0">All Tests</stat>
</total>
<tag>
</tag>
<suite>
<stat pass="1" fail="0" skip="0" id="s1" name="Suites">Suites</stat>
<stat pass="1" fail="0" skip="0" id="s1-s1" name="LoginTest">Suites.LoginTest</stat>
</suite>
</statistics>
<errors>
</errors>
</robot>
